{"/home/cedomir/Workspace/budgeter-api/src/controllers/auth/challenge.js": {"path":"/home/cedomir/Workspace/budgeter-api/src/controllers/auth/challenge.js","statementMap":{"0":{"start":{"line":8,"column":17},"end":{"line":38,"column":1}},"1":{"start":{"line":9,"column":15},"end":{"line":9,"column":19}},"2":{"start":{"line":10,"column":21},"end":{"line":10,"column":25}},"3":{"start":{"line":11,"column":14},"end":{"line":11,"column":18}},"4":{"start":{"line":12,"column":3},"end":{"line":15,"column":4}},"5":{"start":{"line":13,"column":6},"end":{"line":13,"column":51}},"6":{"start":{"line":14,"column":6},"end":{"line":14,"column":65}},"7":{"start":{"line":17,"column":26},"end":{"line":17,"column":60}},"8":{"start":{"line":18,"column":3},"end":{"line":35,"column":4}},"9":{"start":{"line":19,"column":6},"end":{"line":22,"column":7}},"10":{"start":{"line":20,"column":9},"end":{"line":20,"column":63}},"11":{"start":{"line":21,"column":9},"end":{"line":21,"column":60}},"12":{"start":{"line":23,"column":6},"end":{"line":23,"column":43}},"13":{"start":{"line":24,"column":6},"end":{"line":24,"column":21}},"14":{"start":{"line":25,"column":6},"end":{"line":25,"column":51}},"15":{"start":{"line":28,"column":6},"end":{"line":31,"column":7}},"16":{"start":{"line":29,"column":9},"end":{"line":29,"column":70}},"17":{"start":{"line":30,"column":9},"end":{"line":30,"column":67}},"18":{"start":{"line":32,"column":6},"end":{"line":32,"column":57}},"19":{"start":{"line":33,"column":6},"end":{"line":33,"column":21}},"20":{"start":{"line":34,"column":6},"end":{"line":34,"column":64}},"21":{"start":{"line":37,"column":3},"end":{"line":37,"column":39}},"22":{"start":{"line":40,"column":19},"end":{"line":45,"column":1}},"23":{"start":{"line":41,"column":26},"end":{"line":41,"column":82}},"24":{"start":{"line":42,"column":23},"end":{"line":42,"column":63}},"25":{"start":{"line":43,"column":30},"end":{"line":43,"column":60}},"26":{"start":{"line":44,"column":3},"end":{"line":44,"column":55}},"27":{"start":{"line":47,"column":18},"end":{"line":59,"column":1}},"28":{"start":{"line":48,"column":17},"end":{"line":48,"column":30}},"29":{"start":{"line":49,"column":23},"end":{"line":49,"column":51}},"30":{"start":{"line":50,"column":3},"end":{"line":53,"column":6}},"31":{"start":{"line":54,"column":3},"end":{"line":58,"column":6}}},"fnMap":{"0":{"name":"(anonymous_0)","decl":{"start":{"line":8,"column":17},"end":{"line":8,"column":18}},"loc":{"start":{"line":8,"column":26},"end":{"line":38,"column":1}},"line":8},"1":{"name":"(anonymous_1)","decl":{"start":{"line":40,"column":19},"end":{"line":40,"column":20}},"loc":{"start":{"line":40,"column":41},"end":{"line":45,"column":1}},"line":40},"2":{"name":"(anonymous_2)","decl":{"start":{"line":47,"column":18},"end":{"line":47,"column":19}},"loc":{"start":{"line":47,"column":44},"end":{"line":59,"column":1}},"line":47}},"branchMap":{"0":{"loc":{"start":{"line":12,"column":3},"end":{"line":15,"column":4}},"type":"if","locations":[{"start":{"line":12,"column":3},"end":{"line":15,"column":4}},{"start":{"line":12,"column":3},"end":{"line":15,"column":4}}],"line":12},"1":{"loc":{"start":{"line":12,"column":6},"end":{"line":12,"column":45}},"type":"binary-expr","locations":[{"start":{"line":12,"column":6},"end":{"line":12,"column":15}},{"start":{"line":12,"column":20},"end":{"line":12,"column":44}}],"line":12},"2":{"loc":{"start":{"line":18,"column":3},"end":{"line":35,"column":4}},"type":"if","locations":[{"start":{"line":18,"column":3},"end":{"line":35,"column":4}},{"start":{"line":18,"column":3},"end":{"line":35,"column":4}}],"line":18},"3":{"loc":{"start":{"line":19,"column":6},"end":{"line":22,"column":7}},"type":"if","locations":[{"start":{"line":19,"column":6},"end":{"line":22,"column":7}},{"start":{"line":19,"column":6},"end":{"line":22,"column":7}}],"line":19},"4":{"loc":{"start":{"line":28,"column":6},"end":{"line":31,"column":7}},"type":"if","locations":[{"start":{"line":28,"column":6},"end":{"line":31,"column":7}},{"start":{"line":28,"column":6},"end":{"line":31,"column":7}}],"line":28},"5":{"loc":{"start":{"line":41,"column":26},"end":{"line":41,"column":82}},"type":"cond-expr","locations":[{"start":{"line":41,"column":51},"end":{"line":41,"column":68}},{"start":{"line":41,"column":71},"end":{"line":41,"column":82}}],"line":41}},"s":{"0":4,"1":20,"2":20,"3":20,"4":20,"5":3,"6":3,"7":17,"8":17,"9":9,"10":3,"11":3,"12":6,"13":6,"14":6,"15":8,"16":1,"17":1,"18":7,"19":7,"20":7,"21":13,"22":4,"23":13,"24":13,"25":13,"26":12,"27":4,"28":20,"29":13,"30":11,"31":7},"f":{"0":20,"1":13,"2":20},"b":{"0":[3,17],"1":[20,20],"2":[9,8],"3":[3,6],"4":[1,7],"5":[7,6]},"_coverageSchema":"1a1c01bbd47fc00a2c39e90264f33305004495a9","hash":"933fb91555f003d1fab092de19935f27c6b3a770"}
,"/home/cedomir/Workspace/budgeter-api/src/lib/middleware/error.js": {"path":"/home/cedomir/Workspace/budgeter-api/src/lib/middleware/error.js","statementMap":{"0":{"start":{"line":3,"column":6},"end":{"line":3,"column":14}},"1":{"start":{"line":4,"column":6},"end":{"line":4,"column":35}},"2":{"start":{"line":5,"column":6},"end":{"line":5,"column":29}},"3":{"start":{"line":6,"column":6},"end":{"line":6,"column":33}},"4":{"start":{"line":9,"column":12},"end":{"line":9,"column":45}},"5":{"start":{"line":9,"column":19},"end":{"line":9,"column":44}},"6":{"start":{"line":12,"column":36},"end":{"line":27,"column":1}},"7":{"start":{"line":13,"column":3},"end":{"line":26,"column":4}},"8":{"start":{"line":14,"column":6},"end":{"line":14,"column":105}},"9":{"start":{"line":15,"column":6},"end":{"line":18,"column":7}},"10":{"start":{"line":16,"column":9},"end":{"line":16,"column":54}},"11":{"start":{"line":17,"column":9},"end":{"line":17,"column":45}},"12":{"start":{"line":19,"column":6},"end":{"line":19,"column":52}},"13":{"start":{"line":22,"column":6},"end":{"line":22,"column":73}},"14":{"start":{"line":23,"column":6},"end":{"line":23,"column":33}},"15":{"start":{"line":24,"column":6},"end":{"line":24,"column":28}},"16":{"start":{"line":25,"column":6},"end":{"line":25,"column":148}},"17":{"start":{"line":29,"column":28},"end":{"line":38,"column":1}},"18":{"start":{"line":30,"column":3},"end":{"line":37,"column":5}},"19":{"start":{"line":31,"column":6},"end":{"line":36,"column":7}},"20":{"start":{"line":32,"column":9},"end":{"line":32,"column":34}},"21":{"start":{"line":35,"column":9},"end":{"line":35,"column":21}}},"fnMap":{"0":{"name":"(anonymous_0)","decl":{"start":{"line":2,"column":3},"end":{"line":2,"column":4}},"loc":{"start":{"line":2,"column":43},"end":{"line":7,"column":4}},"line":2},"1":{"name":"(anonymous_1)","decl":{"start":{"line":9,"column":12},"end":{"line":9,"column":13}},"loc":{"start":{"line":9,"column":19},"end":{"line":9,"column":44}},"line":9},"2":{"name":"(anonymous_2)","decl":{"start":{"line":12,"column":36},"end":{"line":12,"column":37}},"loc":{"start":{"line":12,"column":61},"end":{"line":27,"column":1}},"line":12},"3":{"name":"(anonymous_3)","decl":{"start":{"line":29,"column":28},"end":{"line":29,"column":29}},"loc":{"start":{"line":29,"column":36},"end":{"line":38,"column":1}},"line":29},"4":{"name":"(anonymous_4)","decl":{"start":{"line":30,"column":10},"end":{"line":30,"column":11}},"loc":{"start":{"line":30,"column":36},"end":{"line":37,"column":4}},"line":30}},"branchMap":{"0":{"loc":{"start":{"line":13,"column":3},"end":{"line":26,"column":4}},"type":"if","locations":[{"start":{"line":13,"column":3},"end":{"line":26,"column":4}},{"start":{"line":13,"column":3},"end":{"line":26,"column":4}}],"line":13},"1":{"loc":{"start":{"line":15,"column":6},"end":{"line":18,"column":7}},"type":"if","locations":[{"start":{"line":15,"column":6},"end":{"line":18,"column":7}},{"start":{"line":15,"column":6},"end":{"line":18,"column":7}}],"line":15}},"s":{"0":9,"1":9,"2":9,"3":9,"4":9,"5":0,"6":11,"7":0,"8":0,"9":0,"10":0,"11":0,"12":0,"13":0,"14":0,"15":0,"16":0,"17":11,"18":0,"19":0,"20":0,"21":0},"f":{"0":9,"1":0,"2":0,"3":0,"4":0},"b":{"0":[0,0],"1":[0,0]},"_coverageSchema":"1a1c01bbd47fc00a2c39e90264f33305004495a9","hash":"e9a8b699c36d9c48955f569d4f5abd0411100699"}
,"/home/cedomir/Workspace/budgeter-api/src/lib/security/oneTimeCode.js": {"path":"/home/cedomir/Workspace/budgeter-api/src/lib/security/oneTimeCode.js","statementMap":{"0":{"start":{"line":3,"column":21},"end":{"line":3,"column":70}},"1":{"start":{"line":3,"column":27},"end":{"line":3,"column":70}},"2":{"start":{"line":5,"column":22},"end":{"line":9,"column":1}},"3":{"start":{"line":6,"column":15},"end":{"line":6,"column":25}},"4":{"start":{"line":7,"column":28},"end":{"line":7,"column":49}},"5":{"start":{"line":8,"column":3},"end":{"line":8,"column":33}},"6":{"start":{"line":15,"column":35},"end":{"line":15,"column":54}},"7":{"start":{"line":15,"column":41},"end":{"line":15,"column":54}},"8":{"start":{"line":21,"column":35},"end":{"line":34,"column":1}},"9":{"start":{"line":22,"column":15},"end":{"line":22,"column":29}},"10":{"start":{"line":23,"column":16},"end":{"line":23,"column":30}},"11":{"start":{"line":24,"column":21},"end":{"line":24,"column":36}},"12":{"start":{"line":25,"column":23},"end":{"line":30,"column":4}},"13":{"start":{"line":31,"column":3},"end":{"line":31,"column":46}},"14":{"start":{"line":32,"column":3},"end":{"line":32,"column":32}},"15":{"start":{"line":33,"column":3},"end":{"line":33,"column":22}}},"fnMap":{"0":{"name":"(anonymous_0)","decl":{"start":{"line":3,"column":21},"end":{"line":3,"column":22}},"loc":{"start":{"line":3,"column":27},"end":{"line":3,"column":70}},"line":3},"1":{"name":"(anonymous_1)","decl":{"start":{"line":5,"column":22},"end":{"line":5,"column":23}},"loc":{"start":{"line":5,"column":28},"end":{"line":9,"column":1}},"line":5},"2":{"name":"(anonymous_2)","decl":{"start":{"line":15,"column":35},"end":{"line":15,"column":36}},"loc":{"start":{"line":15,"column":41},"end":{"line":15,"column":54}},"line":15},"3":{"name":"(anonymous_3)","decl":{"start":{"line":21,"column":35},"end":{"line":21,"column":36}},"loc":{"start":{"line":21,"column":60},"end":{"line":34,"column":1}},"line":21}},"branchMap":{},"s":{"0":4,"1":0,"2":4,"3":0,"4":0,"5":0,"6":4,"7":21,"8":4,"9":0,"10":0,"11":0,"12":0,"13":0,"14":0,"15":0},"f":{"0":0,"1":0,"2":21,"3":0},"b":{},"_coverageSchema":"1a1c01bbd47fc00a2c39e90264f33305004495a9","hash":"873748d3c0469af62f1c84504e4f6a7b2134d319"}
,"/home/cedomir/Workspace/budgeter-api/src/lib/verification/email.js": {"path":"/home/cedomir/Workspace/budgeter-api/src/lib/verification/email.js","statementMap":{"0":{"start":{"line":3,"column":36},"end":{"line":18,"column":1}},"1":{"start":{"line":4,"column":19},"end":{"line":4,"column":52}},"2":{"start":{"line":5,"column":16},"end":{"line":16,"column":4}},"3":{"start":{"line":17,"column":3},"end":{"line":17,"column":46}}},"fnMap":{"0":{"name":"(anonymous_0)","decl":{"start":{"line":3,"column":36},"end":{"line":3,"column":37}},"loc":{"start":{"line":3,"column":64},"end":{"line":18,"column":1}},"line":3}},"branchMap":{},"s":{"0":4,"1":2,"2":2,"3":2},"f":{"0":2},"b":{},"_coverageSchema":"1a1c01bbd47fc00a2c39e90264f33305004495a9","hash":"c67b5e94702a0cceafae8c7e0bbf1c2c21ea3e35"}
,"/home/cedomir/Workspace/budgeter-api/src/lib/verification/index.js": {"path":"/home/cedomir/Workspace/budgeter-api/src/lib/verification/index.js","statementMap":{"0":{"start":{"line":5,"column":43},"end":{"line":16,"column":1}},"1":{"start":{"line":6,"column":3},"end":{"line":15,"column":4}},"2":{"start":{"line":8,"column":9},"end":{"line":8,"column":54}},"3":{"start":{"line":9,"column":9},"end":{"line":9,"column":15}},"4":{"start":{"line":11,"column":9},"end":{"line":11,"column":58}},"5":{"start":{"line":12,"column":9},"end":{"line":12,"column":15}},"6":{"start":{"line":14,"column":9},"end":{"line":14,"column":72}}},"fnMap":{"0":{"name":"(anonymous_0)","decl":{"start":{"line":5,"column":43},"end":{"line":5,"column":44}},"loc":{"start":{"line":5,"column":94},"end":{"line":16,"column":1}},"line":5}},"branchMap":{"0":{"loc":{"start":{"line":6,"column":3},"end":{"line":15,"column":4}},"type":"switch","locations":[{"start":{"line":7,"column":6},"end":{"line":9,"column":15}},{"start":{"line":10,"column":6},"end":{"line":12,"column":15}},{"start":{"line":13,"column":6},"end":{"line":14,"column":72}}],"line":6}},"s":{"0":4,"1":4,"2":2,"3":0,"4":2,"5":0,"6":0},"f":{"0":4},"b":{"0":[2,2,0]},"_coverageSchema":"1a1c01bbd47fc00a2c39e90264f33305004495a9","hash":"9f92b454caa7430af415d6f59bac1f827081f48d"}
,"/home/cedomir/Workspace/budgeter-api/src/lib/verification/sms.js": {"path":"/home/cedomir/Workspace/budgeter-api/src/lib/verification/sms.js","statementMap":{"0":{"start":{"line":3,"column":34},"end":{"line":6,"column":1}},"1":{"start":{"line":4,"column":19},"end":{"line":4,"column":64}},"2":{"start":{"line":5,"column":3},"end":{"line":5,"column":44}}},"fnMap":{"0":{"name":"(anonymous_0)","decl":{"start":{"line":3,"column":34},"end":{"line":3,"column":35}},"loc":{"start":{"line":3,"column":68},"end":{"line":6,"column":1}},"line":3}},"branchMap":{},"s":{"0":4,"1":2,"2":2},"f":{"0":2},"b":{},"_coverageSchema":"1a1c01bbd47fc00a2c39e90264f33305004495a9","hash":"38f70bd0c03c0b334a8b896835d7a7fe2ddfc80d"}
,"/home/cedomir/Workspace/budgeter-api/src/services/mongodb/collection.js": {"path":"/home/cedomir/Workspace/budgeter-api/src/services/mongodb/collection.js","statementMap":{"0":{"start":{"line":4,"column":10},"end":{"line":4,"column":14}},"1":{"start":{"line":5,"column":17},"end":{"line":5,"column":21}},"2":{"start":{"line":8,"column":6},"end":{"line":8,"column":22}},"3":{"start":{"line":9,"column":6},"end":{"line":9,"column":36}},"4":{"start":{"line":13,"column":6},"end":{"line":13,"column":94}},"5":{"start":{"line":14,"column":6},"end":{"line":16,"column":7}},"6":{"start":{"line":15,"column":9},"end":{"line":15,"column":36}},"7":{"start":{"line":20,"column":6},"end":{"line":20,"column":74}},"8":{"start":{"line":24,"column":19},"end":{"line":24,"column":29}},"9":{"start":{"line":25,"column":29},"end":{"line":29,"column":7}},"10":{"start":{"line":30,"column":6},"end":{"line":30,"column":58}},"11":{"start":{"line":31,"column":23},"end":{"line":31,"column":71}},"12":{"start":{"line":32,"column":6},"end":{"line":32,"column":65}},"13":{"start":{"line":33,"column":6},"end":{"line":36,"column":8}},"14":{"start":{"line":40,"column":21},"end":{"line":42,"column":8}},"15":{"start":{"line":43,"column":6},"end":{"line":43,"column":20}},"16":{"start":{"line":47,"column":6},"end":{"line":47,"column":61}},"17":{"start":{"line":51,"column":6},"end":{"line":51,"column":67}},"18":{"start":{"line":55,"column":29},"end":{"line":58,"column":7}},"19":{"start":{"line":59,"column":23},"end":{"line":62,"column":7}},"20":{"start":{"line":63,"column":6},"end":{"line":63,"column":29}},"21":{"start":{"line":67,"column":29},"end":{"line":70,"column":7}},"22":{"start":{"line":71,"column":6},"end":{"line":71,"column":64}},"23":{"start":{"line":75,"column":6},"end":{"line":75,"column":52}},"24":{"start":{"line":79,"column":6},"end":{"line":79,"column":48}},"25":{"start":{"line":83,"column":6},"end":{"line":83,"column":58}}},"fnMap":{"0":{"name":"(anonymous_0)","decl":{"start":{"line":7,"column":3},"end":{"line":7,"column":4}},"loc":{"start":{"line":7,"column":32},"end":{"line":10,"column":4}},"line":7},"1":{"name":"(anonymous_1)","decl":{"start":{"line":19,"column":3},"end":{"line":19,"column":4}},"loc":{"start":{"line":19,"column":38},"end":{"line":21,"column":4}},"line":19},"2":{"name":"(anonymous_2)","decl":{"start":{"line":23,"column":3},"end":{"line":23,"column":4}},"loc":{"start":{"line":23,"column":24},"end":{"line":37,"column":4}},"line":23},"3":{"name":"(anonymous_3)","decl":{"start":{"line":39,"column":3},"end":{"line":39,"column":4}},"loc":{"start":{"line":39,"column":21},"end":{"line":44,"column":4}},"line":39},"4":{"name":"(anonymous_4)","decl":{"start":{"line":46,"column":3},"end":{"line":46,"column":4}},"loc":{"start":{"line":46,"column":31},"end":{"line":48,"column":4}},"line":46},"5":{"name":"(anonymous_5)","decl":{"start":{"line":50,"column":3},"end":{"line":50,"column":4}},"loc":{"start":{"line":50,"column":34},"end":{"line":52,"column":4}},"line":50},"6":{"name":"(anonymous_6)","decl":{"start":{"line":54,"column":3},"end":{"line":54,"column":4}},"loc":{"start":{"line":54,"column":24},"end":{"line":64,"column":4}},"line":54},"7":{"name":"(anonymous_7)","decl":{"start":{"line":66,"column":3},"end":{"line":66,"column":4}},"loc":{"start":{"line":66,"column":33},"end":{"line":72,"column":4}},"line":66},"8":{"name":"(anonymous_8)","decl":{"start":{"line":74,"column":3},"end":{"line":74,"column":4}},"loc":{"start":{"line":74,"column":20},"end":{"line":76,"column":4}},"line":74},"9":{"name":"(anonymous_9)","decl":{"start":{"line":78,"column":3},"end":{"line":78,"column":4}},"loc":{"start":{"line":78,"column":27},"end":{"line":80,"column":4}},"line":78},"10":{"name":"(anonymous_10)","decl":{"start":{"line":82,"column":3},"end":{"line":82,"column":4}},"loc":{"start":{"line":82,"column":22},"end":{"line":84,"column":4}},"line":82}},"branchMap":{"0":{"loc":{"start":{"line":14,"column":6},"end":{"line":16,"column":7}},"type":"if","locations":[{"start":{"line":14,"column":6},"end":{"line":16,"column":7}},{"start":{"line":14,"column":6},"end":{"line":16,"column":7}}],"line":14}},"s":{"0":0,"1":0,"2":0,"3":0,"4":0,"5":0,"6":0,"7":0,"8":0,"9":0,"10":0,"11":0,"12":0,"13":0,"14":0,"15":0,"16":0,"17":0,"18":0,"19":0,"20":0,"21":0,"22":0,"23":0,"24":0,"25":0},"f":{"0":0,"1":0,"2":0,"3":0,"4":0,"5":0,"6":0,"7":0,"8":0,"9":0,"10":0},"b":{"0":[0,0]},"_coverageSchema":"1a1c01bbd47fc00a2c39e90264f33305004495a9","hash":"821b1bf4a9316f7fbcc1c1e991a84cf98a071d0e"}
,"/home/cedomir/Workspace/budgeter-api/src/services/mongodb/connection.js": {"path":"/home/cedomir/Workspace/budgeter-api/src/services/mongodb/connection.js","statementMap":{"0":{"start":{"line":4,"column":13},"end":{"line":4,"column":17}},"1":{"start":{"line":6,"column":25},"end":{"line":19,"column":1}},"2":{"start":{"line":7,"column":3},"end":{"line":17,"column":4}},"3":{"start":{"line":8,"column":6},"end":{"line":16,"column":7}},"4":{"start":{"line":9,"column":9},"end":{"line":11,"column":12}},"5":{"start":{"line":12,"column":9},"end":{"line":12,"column":32}},"6":{"start":{"line":15,"column":9},"end":{"line":15,"column":91}},"7":{"start":{"line":18,"column":3},"end":{"line":18,"column":17}}},"fnMap":{"0":{"name":"(anonymous_0)","decl":{"start":{"line":6,"column":25},"end":{"line":6,"column":26}},"loc":{"start":{"line":6,"column":37},"end":{"line":19,"column":1}},"line":6}},"branchMap":{"0":{"loc":{"start":{"line":7,"column":3},"end":{"line":17,"column":4}},"type":"if","locations":[{"start":{"line":7,"column":3},"end":{"line":17,"column":4}},{"start":{"line":7,"column":3},"end":{"line":17,"column":4}}],"line":7}},"s":{"0":4,"1":4,"2":0,"3":0,"4":0,"5":0,"6":0,"7":0},"f":{"0":0},"b":{"0":[0,0]},"_coverageSchema":"1a1c01bbd47fc00a2c39e90264f33305004495a9","hash":"185c22a04a4a3269f0ca3c472dbcd2bae031b908"}
,"/home/cedomir/Workspace/budgeter-api/src/services/mongodb/index.js": {"path":"/home/cedomir/Workspace/budgeter-api/src/services/mongodb/index.js","statementMap":{"0":{"start":{"line":4,"column":22},"end":{"line":9,"column":1}},"1":{"start":{"line":5,"column":18},"end":{"line":5,"column":35}},"2":{"start":{"line":6,"column":14},"end":{"line":6,"column":31}},"3":{"start":{"line":7,"column":22},"end":{"line":7,"column":51}},"4":{"start":{"line":8,"column":3},"end":{"line":8,"column":48}},"5":{"start":{"line":11,"column":35},"end":{"line":11,"column":102}},"6":{"start":{"line":11,"column":50},"end":{"line":11,"column":102}}},"fnMap":{"0":{"name":"(anonymous_0)","decl":{"start":{"line":4,"column":22},"end":{"line":4,"column":23}},"loc":{"start":{"line":4,"column":61},"end":{"line":9,"column":1}},"line":4},"1":{"name":"(anonymous_1)","decl":{"start":{"line":11,"column":35},"end":{"line":11,"column":36}},"loc":{"start":{"line":11,"column":50},"end":{"line":11,"column":102}},"line":11}},"branchMap":{},"s":{"0":4,"1":0,"2":0,"3":0,"4":0,"5":4,"6":0},"f":{"0":0,"1":0},"b":{},"_coverageSchema":"1a1c01bbd47fc00a2c39e90264f33305004495a9","hash":"3f4e51bc2cefce84f90b2737a152401563c7c7da"}
,"/home/cedomir/Workspace/budgeter-api/src/services/sendgrid/connection.js": {"path":"/home/cedomir/Workspace/budgeter-api/src/services/sendgrid/connection.js","statementMap":{"0":{"start":{"line":4,"column":25},"end":{"line":13,"column":1}},"1":{"start":{"line":5,"column":3},"end":{"line":12,"column":4}},"2":{"start":{"line":6,"column":6},"end":{"line":6,"column":72}},"3":{"start":{"line":7,"column":6},"end":{"line":7,"column":59}},"4":{"start":{"line":8,"column":6},"end":{"line":8,"column":26}},"5":{"start":{"line":11,"column":6},"end":{"line":11,"column":89}}},"fnMap":{"0":{"name":"(anonymous_0)","decl":{"start":{"line":4,"column":25},"end":{"line":4,"column":26}},"loc":{"start":{"line":4,"column":34},"end":{"line":13,"column":1}},"line":4}},"branchMap":{},"s":{"0":4,"1":0,"2":0,"3":0,"4":0,"5":0},"f":{"0":0},"b":{},"_coverageSchema":"1a1c01bbd47fc00a2c39e90264f33305004495a9","hash":"7bf322bac5a83720d0f656b57cde93d1de05b84c"}
,"/home/cedomir/Workspace/budgeter-api/src/services/sendgrid/index.js": {"path":"/home/cedomir/Workspace/budgeter-api/src/services/sendgrid/index.js","statementMap":{"0":{"start":{"line":4,"column":25},"end":{"line":22,"column":1}},"1":{"start":{"line":5,"column":18},"end":{"line":5,"column":32}},"2":{"start":{"line":7,"column":3},"end":{"line":21,"column":4}},"3":{"start":{"line":8,"column":19},"end":{"line":13,"column":7}},"4":{"start":{"line":14,"column":6},"end":{"line":14,"column":102}},"5":{"start":{"line":15,"column":23},"end":{"line":15,"column":46}},"6":{"start":{"line":16,"column":6},"end":{"line":16,"column":58}},"7":{"start":{"line":17,"column":6},"end":{"line":17,"column":32}},"8":{"start":{"line":20,"column":6},"end":{"line":20,"column":80}}},"fnMap":{"0":{"name":"(anonymous_0)","decl":{"start":{"line":4,"column":25},"end":{"line":4,"column":26}},"loc":{"start":{"line":4,"column":59},"end":{"line":22,"column":1}},"line":4}},"branchMap":{},"s":{"0":4,"1":2,"2":1,"3":1,"4":1,"5":1,"6":0,"7":0,"8":1},"f":{"0":2},"b":{},"_coverageSchema":"1a1c01bbd47fc00a2c39e90264f33305004495a9","hash":"8013190f8e5137519c072b4b69248c4d9d92791c"}
,"/home/cedomir/Workspace/budgeter-api/src/services/twilio/connection.js": {"path":"/home/cedomir/Workspace/budgeter-api/src/services/twilio/connection.js","statementMap":{"0":{"start":{"line":4,"column":13},"end":{"line":4,"column":17}},"1":{"start":{"line":6,"column":25},"end":{"line":17,"column":1}},"2":{"start":{"line":7,"column":3},"end":{"line":15,"column":4}},"3":{"start":{"line":8,"column":6},"end":{"line":14,"column":7}},"4":{"start":{"line":9,"column":9},"end":{"line":9,"column":75}},"5":{"start":{"line":10,"column":9},"end":{"line":10,"column":89}},"6":{"start":{"line":13,"column":9},"end":{"line":13,"column":90}},"7":{"start":{"line":16,"column":3},"end":{"line":16,"column":17}}},"fnMap":{"0":{"name":"(anonymous_0)","decl":{"start":{"line":6,"column":25},"end":{"line":6,"column":26}},"loc":{"start":{"line":6,"column":34},"end":{"line":17,"column":1}},"line":6}},"branchMap":{"0":{"loc":{"start":{"line":7,"column":3},"end":{"line":15,"column":4}},"type":"if","locations":[{"start":{"line":7,"column":3},"end":{"line":15,"column":4}},{"start":{"line":7,"column":3},"end":{"line":15,"column":4}}],"line":7}},"s":{"0":4,"1":4,"2":0,"3":0,"4":0,"5":0,"6":0,"7":0},"f":{"0":0},"b":{"0":[0,0]},"_coverageSchema":"1a1c01bbd47fc00a2c39e90264f33305004495a9","hash":"78c74691b56b12038d71ec06e076f2a63faa83b3"}
,"/home/cedomir/Workspace/budgeter-api/src/services/twilio/index.js": {"path":"/home/cedomir/Workspace/budgeter-api/src/services/twilio/index.js","statementMap":{"0":{"start":{"line":4,"column":23},"end":{"line":22,"column":1}},"1":{"start":{"line":5,"column":18},"end":{"line":5,"column":38}},"2":{"start":{"line":7,"column":3},"end":{"line":21,"column":4}},"3":{"start":{"line":8,"column":6},"end":{"line":8,"column":101}},"4":{"start":{"line":9,"column":23},"end":{"line":15,"column":32}},"5":{"start":{"line":16,"column":6},"end":{"line":16,"column":54}},"6":{"start":{"line":17,"column":6},"end":{"line":17,"column":32}},"7":{"start":{"line":20,"column":6},"end":{"line":20,"column":80}}},"fnMap":{"0":{"name":"(anonymous_0)","decl":{"start":{"line":4,"column":23},"end":{"line":4,"column":24}},"loc":{"start":{"line":4,"column":57},"end":{"line":22,"column":1}},"line":4}},"branchMap":{},"s":{"0":4,"1":2,"2":1,"3":1,"4":1,"5":0,"6":0,"7":1},"f":{"0":2},"b":{},"_coverageSchema":"1a1c01bbd47fc00a2c39e90264f33305004495a9","hash":"1d5d3870c622024e69d1d4e93c1eff310e2d9445"}
,"/home/cedomir/Workspace/budgeter-api/src/utils/normalizers.js": {"path":"/home/cedomir/Workspace/budgeter-api/src/utils/normalizers.js","statementMap":{"0":{"start":{"line":3,"column":28},"end":{"line":3,"column":61}},"1":{"start":{"line":3,"column":37},"end":{"line":3,"column":61}},"2":{"start":{"line":5,"column":36},"end":{"line":8,"column":1}},"3":{"start":{"line":6,"column":24},"end":{"line":6,"column":58}},"4":{"start":{"line":7,"column":3},"end":{"line":7,"column":45}}},"fnMap":{"0":{"name":"(anonymous_0)","decl":{"start":{"line":3,"column":28},"end":{"line":3,"column":29}},"loc":{"start":{"line":3,"column":37},"end":{"line":3,"column":61}},"line":3},"1":{"name":"(anonymous_1)","decl":{"start":{"line":5,"column":36},"end":{"line":5,"column":37}},"loc":{"start":{"line":5,"column":53},"end":{"line":8,"column":1}},"line":5}},"branchMap":{},"s":{"0":4,"1":6,"2":4,"3":7,"4":7},"f":{"0":6,"1":7},"b":{},"_coverageSchema":"1a1c01bbd47fc00a2c39e90264f33305004495a9","hash":"cb7e945347b5544bd1277cd7e7508fb19ecaec80"}
,"/home/cedomir/Workspace/budgeter-api/src/utils/validators.js": {"path":"/home/cedomir/Workspace/budgeter-api/src/utils/validators.js","statementMap":{"0":{"start":{"line":3,"column":23},"end":{"line":6,"column":1}},"1":{"start":{"line":4,"column":14},"end":{"line":4,"column":165}},"2":{"start":{"line":5,"column":3},"end":{"line":5,"column":39}},"3":{"start":{"line":8,"column":29},"end":{"line":10,"column":1}},"4":{"start":{"line":9,"column":3},"end":{"line":9,"column":48}}},"fnMap":{"0":{"name":"(anonymous_0)","decl":{"start":{"line":3,"column":23},"end":{"line":3,"column":24}},"loc":{"start":{"line":3,"column":34},"end":{"line":6,"column":1}},"line":3},"1":{"name":"(anonymous_1)","decl":{"start":{"line":8,"column":29},"end":{"line":8,"column":30}},"loc":{"start":{"line":8,"column":46},"end":{"line":10,"column":1}},"line":8}},"branchMap":{},"s":{"0":5,"1":15,"2":15,"3":5,"4":16},"f":{"0":15,"1":16},"b":{},"_coverageSchema":"1a1c01bbd47fc00a2c39e90264f33305004495a9","hash":"a294c372b051a1d46e0f0efbd4cb63e17eb888ac"}
}
