TN:
SF:controllers/auth/challenge.js
FN:8,(anonymous_0)
FN:40,(anonymous_1)
FN:47,(anonymous_2)
FNF:3
FNH:3
FNDA:20,(anonymous_0)
FNDA:13,(anonymous_1)
FNDA:20,(anonymous_2)
DA:8,4
DA:9,20
DA:10,20
DA:11,20
DA:12,20
DA:13,3
DA:14,3
DA:17,17
DA:18,17
DA:19,9
DA:20,3
DA:21,3
DA:23,6
DA:24,6
DA:25,6
DA:28,8
DA:29,1
DA:30,1
DA:32,7
DA:33,7
DA:34,7
DA:37,13
DA:40,4
DA:41,13
DA:42,13
DA:43,13
DA:44,12
DA:47,4
DA:48,20
DA:49,13
DA:50,11
DA:54,7
LF:32
LH:32
BRDA:12,0,0,3
BRDA:12,0,1,17
BRDA:12,1,0,20
BRDA:12,1,1,20
BRDA:18,2,0,9
BRDA:18,2,1,8
BRDA:19,3,0,3
BRDA:19,3,1,6
BRDA:28,4,0,1
BRDA:28,4,1,7
BRDA:41,5,0,7
BRDA:41,5,1,6
BRF:12
BRH:12
end_of_record
TN:
SF:lib/middleware/error.js
FN:2,(anonymous_0)
FN:9,(anonymous_1)
FN:12,(anonymous_2)
FN:29,(anonymous_3)
FN:30,(anonymous_4)
FNF:5
FNH:1
FNDA:9,(anonymous_0)
FNDA:0,(anonymous_1)
FNDA:0,(anonymous_2)
FNDA:0,(anonymous_3)
FNDA:0,(anonymous_4)
DA:3,9
DA:4,9
DA:5,9
DA:6,9
DA:9,9
DA:12,11
DA:13,0
DA:14,0
DA:15,0
DA:16,0
DA:17,0
DA:19,0
DA:22,0
DA:23,0
DA:24,0
DA:25,0
DA:29,11
DA:30,0
DA:31,0
DA:32,0
DA:35,0
LF:21
LH:7
BRDA:13,0,0,0
BRDA:13,0,1,0
BRDA:15,1,0,0
BRDA:15,1,1,0
BRF:4
BRH:0
end_of_record
TN:
SF:lib/security/oneTimeCode.js
FN:3,(anonymous_0)
FN:5,(anonymous_1)
FN:15,(anonymous_2)
FN:21,(anonymous_3)
FNF:4
FNH:1
FNDA:0,(anonymous_0)
FNDA:0,(anonymous_1)
FNDA:21,(anonymous_2)
FNDA:0,(anonymous_3)
DA:3,4
DA:5,4
DA:6,0
DA:7,0
DA:8,0
DA:15,21
DA:21,4
DA:22,0
DA:23,0
DA:24,0
DA:25,0
DA:31,0
DA:32,0
DA:33,0
LF:14
LH:4
BRF:0
BRH:0
end_of_record
TN:
SF:lib/verification/email.js
FN:3,(anonymous_0)
FNF:1
FNH:1
FNDA:2,(anonymous_0)
DA:3,4
DA:4,2
DA:5,2
DA:17,2
LF:4
LH:4
BRF:0
BRH:0
end_of_record
TN:
SF:lib/verification/index.js
FN:5,(anonymous_0)
FNF:1
FNH:1
FNDA:4,(anonymous_0)
DA:5,4
DA:6,4
DA:8,2
DA:9,0
DA:11,2
DA:12,0
DA:14,0
LF:7
LH:4
BRDA:6,0,0,2
BRDA:6,0,1,2
BRDA:6,0,2,0
BRF:3
BRH:2
end_of_record
TN:
SF:lib/verification/sms.js
FN:3,(anonymous_0)
FNF:1
FNH:1
FNDA:2,(anonymous_0)
DA:3,4
DA:4,2
DA:5,2
LF:3
LH:3
BRF:0
BRH:0
end_of_record
TN:
SF:services/mongodb/collection.js
FN:7,(anonymous_0)
FN:19,(anonymous_1)
FN:23,(anonymous_2)
FN:39,(anonymous_3)
FN:46,(anonymous_4)
FN:50,(anonymous_5)
FN:54,(anonymous_6)
FN:66,(anonymous_7)
FN:74,(anonymous_8)
FN:78,(anonymous_9)
FN:82,(anonymous_10)
FNF:11
FNH:0
FNDA:0,(anonymous_0)
FNDA:0,(anonymous_1)
FNDA:0,(anonymous_2)
FNDA:0,(anonymous_3)
FNDA:0,(anonymous_4)
FNDA:0,(anonymous_5)
FNDA:0,(anonymous_6)
FNDA:0,(anonymous_7)
FNDA:0,(anonymous_8)
FNDA:0,(anonymous_9)
FNDA:0,(anonymous_10)
DA:4,0
DA:5,0
DA:8,0
DA:9,0
DA:13,0
DA:14,0
DA:15,0
DA:20,0
DA:24,0
DA:25,0
DA:30,0
DA:31,0
DA:32,0
DA:33,0
DA:40,0
DA:43,0
DA:47,0
DA:51,0
DA:55,0
DA:59,0
DA:63,0
DA:67,0
DA:71,0
DA:75,0
DA:79,0
DA:83,0
LF:26
LH:0
BRDA:14,0,0,0
BRDA:14,0,1,0
BRF:2
BRH:0
end_of_record
TN:
SF:services/mongodb/connection.js
FN:6,(anonymous_0)
FNF:1
FNH:0
FNDA:0,(anonymous_0)
DA:4,4
DA:6,4
DA:7,0
DA:8,0
DA:9,0
DA:12,0
DA:15,0
DA:18,0
LF:8
LH:2
BRDA:7,0,0,0
BRDA:7,0,1,0
BRF:2
BRH:0
end_of_record
TN:
SF:services/mongodb/index.js
FN:4,(anonymous_0)
FN:11,(anonymous_1)
FNF:2
FNH:0
FNDA:0,(anonymous_0)
FNDA:0,(anonymous_1)
DA:4,4
DA:5,0
DA:6,0
DA:7,0
DA:8,0
DA:11,4
LF:6
LH:2
BRF:0
BRH:0
end_of_record
TN:
SF:services/sendgrid/connection.js
FN:4,(anonymous_0)
FNF:1
FNH:0
FNDA:0,(anonymous_0)
DA:4,4
DA:5,0
DA:6,0
DA:7,0
DA:8,0
DA:11,0
LF:6
LH:1
BRF:0
BRH:0
end_of_record
TN:
SF:services/sendgrid/index.js
FN:4,(anonymous_0)
FNF:1
FNH:1
FNDA:2,(anonymous_0)
DA:4,4
DA:5,2
DA:7,1
DA:8,1
DA:14,1
DA:15,1
DA:16,0
DA:17,0
DA:20,1
LF:9
LH:7
BRF:0
BRH:0
end_of_record
TN:
SF:services/twilio/connection.js
FN:6,(anonymous_0)
FNF:1
FNH:0
FNDA:0,(anonymous_0)
DA:4,4
DA:6,4
DA:7,0
DA:8,0
DA:9,0
DA:10,0
DA:13,0
DA:16,0
LF:8
LH:2
BRDA:7,0,0,0
BRDA:7,0,1,0
BRF:2
BRH:0
end_of_record
TN:
SF:services/twilio/index.js
FN:4,(anonymous_0)
FNF:1
FNH:1
FNDA:2,(anonymous_0)
DA:4,4
DA:5,2
DA:7,1
DA:8,1
DA:9,1
DA:16,0
DA:17,0
DA:20,1
LF:8
LH:6
BRF:0
BRH:0
end_of_record
TN:
SF:utils/normalizers.js
FN:3,(anonymous_0)
FN:5,(anonymous_1)
FNF:2
FNH:2
FNDA:6,(anonymous_0)
FNDA:7,(anonymous_1)
DA:3,6
DA:5,4
DA:6,7
DA:7,7
LF:4
LH:4
BRF:0
BRH:0
end_of_record
TN:
SF:utils/validators.js
FN:3,(anonymous_0)
FN:8,(anonymous_1)
FNF:2
FNH:2
FNDA:15,(anonymous_0)
FNDA:16,(anonymous_1)
DA:3,5
DA:4,15
DA:5,15
DA:8,5
DA:9,16
LF:5
LH:5
BRF:0
BRH:0
end_of_record
